2025-06-18 13:35:17,331 - semgrep.notifications - WARNING - METRICS: Using configs from the Registry (like --config=p/ci) reports pseudonymous rule metrics to semgrep.dev.
To disable Registry rule metrics, use "--metrics=off".
Using configs only from local files (like --config=xyz.yml) does not enable metrics.

More information: https://semgrep.dev/docs/metrics

2025-06-18 13:35:17,333 - semgrep.run_scan - DEBUG - semgrep version 1.4.0
2025-06-18 13:35:17,350 - semgrep.git - DEBUG - Failed to get project url from 'git ls-remote': Command failed with exit code: 128
-----
Command failed with output:
fatal: No remote configured to list refs from.


Failed to run 'git ls-remote --get-url'. Possible reasons:

- the git binary is not available
- the current working directory is not a git repository
- the baseline commit is not a parent of the current commit
    (if you are running through semgrep-app, check if you are setting `SEMGREP_BRANCH` or `SEMGREP_BASELINE_COMMIT` properly)
- the current working directory is not marked as safe
    (fix with `git config --global --add safe.directory $(pwd)`)

Try running the command yourself to debug the issue.
2025-06-18 13:35:17,351 - semgrep.config_resolver - DEBUG - Loading local config from /home/runner/workspace/.config/.semgrep/semgrep_rules.json
2025-06-18 13:35:17,353 - semgrep.config_resolver - DEBUG - Done loading local config from /home/runner/workspace/.config/.semgrep/semgrep_rules.json
2025-06-18 13:35:17,356 - semgrep.config_resolver - DEBUG - Saving rules to /tmp/semgrep-wyar4h7_.rules
2025-06-18 13:35:18,047 - semgrep.rule_lang - DEBUG - semgrep-core validation response: valid=True
2025-06-18 13:35:18,047 - semgrep.rule_lang - DEBUG - semgrep-core validation succeeded
2025-06-18 13:35:18,047 - semgrep.rule_lang - DEBUG - RPC validation succeeded
2025-06-18 13:35:18,048 - semgrep.config_resolver - DEBUG - loaded 1 configs in 0.6968703269958496
2025-06-18 13:35:18,159 - semgrep.run_scan - VERBOSE - running 714 rules from 1 config /home/runner/workspace/.config/.semgrep/semgrep_rules.json_0
2025-06-18 13:35:18,159 - semgrep.run_scan - VERBOSE - No .semgrepignore found. Using default .semgrepignore rules. See the docs for the list of default ignores: https://semgrep.dev/docs/cli-usage/#ignore-files
2025-06-18 13:35:18,162 - semgrep.run_scan - VERBOSE - Rules:
2025-06-18 13:35:18,162 - semgrep.run_scan - VERBOSE - <SKIPPED DATA (too many entries; use --max-log-list-entries)>
2025-06-18 13:35:18,555 - semgrep.core_runner - DEBUG - Passing whole rules directly to semgrep_core
2025-06-18 13:35:18,717 - semgrep.core_runner - DEBUG - Running Semgrep engine with command:
2025-06-18 13:35:18,717 - semgrep.core_runner - DEBUG - /tmp/_MEIFFMf8w/semgrep/bin/opengrep-core -json -rules /tmp/tmpterv1p6m.json -j 8 -targets /tmp/tmpgn4z0d5y -timeout 5 -timeout_threshold 3 -max_memory 0 -fast
